#
# A fatal error has been detected by the Java Runtime Environment:
#
#  EXCEPTION_ACCESS_VIOLATION (0xc0000005) at pc=0x000000005027e008, pid=8592, tid=0x0000000000000c84
#
# JRE version: OpenJDK Runtime Environment (8.0_76-b03) (build 1.8.0_76-release-b03)
# Java VM: OpenJDK 64-Bit Server VM (25.76-b03 mixed mode windows-amd64 compressed oops)
# Problematic frame:
# V  [jvm.dll+0xee008]
#
# Failed to write core dump. Minidumps are not enabled by default on client versions of Windows
#
# If you would like to submit a bug report, please visit:
#   http://bugreport.java.com/bugreport/crash.jsp
#

---------------  T H R E A D  ---------------

Current thread (0x0000000003416000):  GCTaskThread [stack: 0x0000000012dd0000,0x0000000012ed0000] [id=3204]

siginfo: ExceptionCode=0xc0000005, reading address 0xffffffffffffffff

Registers:
RAX=0x00000000131d0000, RBX=0x0000000000000001, RCX=0x0000000000000000, RDX=0x0000000000000000
RSP=0x0000000012ecf550, RBP=0x00000000a4a373e0, RSI=0x0000000016d92e50, RDI=0x0000000016d92e50
R8 =0x007fffffffb00000, R9 =0x0000000100001df8, R10=0x000000000000000c, R11=0x0000000050750f78
R12=0x00000000a4a37404, R13=0x0000000100002068, R14=0x0000000100002070, R15=0x00000000a4a373c0
RIP=0x000000005027e008, EFLAGS=0x0000000000010246

Top of Stack: (sp=0x0000000012ecf550)
0x0000000012ecf550:   0000000100001df8 0000000000000004
0x0000000012ecf560:   00000000a4a37508 000000005027dc29
0x0000000012ecf570:   0000000000000000 0000000003416870
0x0000000012ecf580:   000000000340c740 0000000016d92e50
0x0000000012ecf590:   00000000a4a373c0 0000000050283bd5
0x0000000012ecf5a0:   00000000a4a37428 0000000016d92e50
0x0000000012ecf5b0:   0000000016d92e50 000000005079cb98
0x0000000012ecf5c0:   0000000012ecf6e9 000000005054eb00
0x0000000012ecf5d0:   0000000016d92e50 0000000016d92e50
0x0000000012ecf5e0:   000000005079cb98 0000000000001c11
0x0000000012ecf5f0:   000000001743b700 0000000012ecf6e9
0x0000000012ecf600:   0000000000000000 0000000000000004
0x0000000012ecf610:   0000000016d92e50 000000005027c702
0x0000000012ecf620:   00000000a02174d0 0000000000000000
0x0000000012ecf630:   0000000000000000 000000000340c740
0x0000000012ecf640:   0000000003416880 0000000003416870 

Instructions: (pc=0x000000005027e008)
0x000000005027dfe8:   05 13 bd 6c 00 49 c1 e8 03 49 d3 e8 41 0f b6 c0
0x000000005027dff8:   49 c1 e8 06 24 3f 0f b6 d0 48 8b 05 28 bd 6c 00
0x000000005027e008:   4a 8b 0c c0 48 0f a3 d1 0f 82 59 01 00 00 0f b6
0x000000005027e018:   15 84 1c 6c 00 84 d2 74 16 44 8b 43 08 8b 0d 25 


Register to memory mapping:

RAX=0x00000000131d0000 is an unknown value
RBX=0x0000000000000001 is an unknown value
RCX=0x0000000000000000 is an unknown value
RDX=0x0000000000000000 is an unknown value
RSP=0x0000000012ecf550 is an unknown value
RBP=0x00000000a4a373e0 is pointing into object: 0x00000000a4a373c0
java.lang.Class 
 - klass: 'java/lang/Class'
RSI=0x0000000016d92e50 is an unknown value
RDI=0x0000000016d92e50 is an unknown value
R8 =0x007fffffffb00000 is an unknown value
R9 =0x0000000100001df8 is pointing into metadata
R10=0x000000000000000c is an unknown value
R11=0x0000000050750f78 is an unknown value
R12=0x00000000a4a37404 is pointing into object: 0x00000000a4a373c0
java.lang.Class 
 - klass: 'java/lang/Class'
R13=0x0000000100002068 is pointing into metadata
R14=0x0000000100002070 is pointing into metadata
R15=0x00000000a4a373c0 is an oop
java.lang.Class 
 - klass: 'java/lang/Class'


Stack: [0x0000000012dd0000,0x0000000012ed0000],  sp=0x0000000012ecf550,  free space=1021k
Native frames: (J=compiled Java code, j=interpreted, Vv=VM code, C=native code)
V  [jvm.dll+0xee008]
V  [jvm.dll+0xf3bd5]
V  [jvm.dll+0x3beb00]
V  [jvm.dll+0x3bbd50]
V  [jvm.dll+0x3b997e]
V  [jvm.dll+0x26b60a]
C  [msvcr100.dll+0x21d9f]
C  [msvcr100.dll+0x21e3b]
C  [KERNEL32.DLL+0x8364]
C  [ntdll.dll+0x670d1]


---------------  P R O C E S S  ---------------

Java Threads: ( => current thread )
  0x000000001f92b800 JavaThread "pool-34-thread-1" [_thread_blocked, id=4308, stack(0x000000002ed40000,0x000000002ee40000)]
  0x000000001f92f800 JavaThread "pool-47-thread-4" [_thread_blocked, id=4940, stack(0x000000002ec40000,0x000000002ed40000)]
  0x000000001f92e000 JavaThread "pool-47-thread-3" [_thread_blocked, id=8836, stack(0x000000002eb40000,0x000000002ec40000)]
  0x000000001f92e800 JavaThread "pool-47-thread-2" [_thread_blocked, id=7432, stack(0x000000002ea40000,0x000000002eb40000)]
  0x000000001f926800 JavaThread "pool-48-thread-1" [_thread_blocked, id=5836, stack(0x000000002e940000,0x000000002ea40000)]
  0x000000001f925800 JavaThread "pool-47-thread-1" [_thread_blocked, id=8, stack(0x000000002e840000,0x000000002e940000)]
  0x000000001f932800 JavaThread "pool-44-thread-4" [_thread_blocked, id=520, stack(0x000000002e640000,0x000000002e740000)]
  0x000000001f931000 JavaThread "pool-44-thread-3" [_thread_blocked, id=3352, stack(0x000000002e540000,0x000000002e640000)]
  0x000000001f930000 JavaThread "pool-44-thread-2" [_thread_blocked, id=8224, stack(0x000000002e440000,0x000000002e540000)]
  0x000000001f931800 JavaThread "pool-45-thread-1" [_thread_blocked, id=4624, stack(0x000000002e340000,0x000000002e440000)]
  0x000000001f923800 JavaThread "pool-44-thread-1" [_thread_blocked, id=9684, stack(0x000000002e240000,0x000000002e340000)]
  0x000000001f929800 JavaThread "pool-38-thread-4" [_thread_blocked, id=9468, stack(0x000000002d540000,0x000000002d640000)]
  0x000000001f92a000 JavaThread "pool-38-thread-3" [_thread_blocked, id=8164, stack(0x000000002d440000,0x000000002d540000)]
  0x000000001f924000 JavaThread "pool-38-thread-2" [_thread_blocked, id=4688, stack(0x000000002d340000,0x000000002d440000)]
  0x000000001f92b000 JavaThread "pool-39-thread-1" [_thread_blocked, id=2940, stack(0x000000002d240000,0x000000002d340000)]
  0x000000001f928000 JavaThread "pool-38-thread-1" [_thread_blocked, id=7560, stack(0x000000002d140000,0x000000002d240000)]
  0x000000001eea4000 JavaThread "pool-6-thread-4" [_thread_blocked, id=2852, stack(0x000000002ca40000,0x000000002cb40000)]
  0x000000001eea6000 JavaThread "pool-6-thread-3" [_thread_blocked, id=8064, stack(0x000000002c940000,0x000000002ca40000)]
  0x000000001eeaa800 JavaThread "pool-6-thread-2" [_thread_blocked, id=8048, stack(0x000000002c440000,0x000000002c540000)]
  0x000000001ee45800 JavaThread "pool-22-thread-4" [_thread_blocked, id=188, stack(0x000000002b440000,0x000000002b540000)]
  0x000000001f029800 JavaThread "pool-22-thread-3" [_thread_blocked, id=9820, stack(0x000000002b340000,0x000000002b440000)]
  0x000000001f02e000 JavaThread "pool-22-thread-2" [_thread_blocked, id=3484, stack(0x000000002b240000,0x000000002b340000)]
  0x000000001f093800 JavaThread "pool-22-thread-1" [_thread_blocked, id=300, stack(0x000000002b140000,0x000000002b240000)]
  0x000000001d34e000 JavaThread "Stdin handler" [_thread_blocked, id=9860, stack(0x000000002aa40000,0x000000002ab40000)]
  0x000000001d34d800 JavaThread "Asynchronous log dispatcher for org.gradle.launcher.daemon.server.DefaultDaemonConnection@7229bf32" [_thread_blocked, id=4976, stack(0x000000002a940000,0x000000002aa40000)]
  0x000000001d34f800 JavaThread "Cancel handler" [_thread_blocked, id=1996, stack(0x000000002a840000,0x000000002a940000)]
  0x000000001d34c000 JavaThread "Handler for socket connection from /127.0.0.1:50866 to /127.0.0.1:55120" [_thread_in_native, id=1120, stack(0x000000002a740000,0x000000002a840000)]
  0x000000001ed3e000 JavaThread "stdout" daemon [_thread_in_native, id=1792, stack(0x0000000028d40000,0x0000000028e40000)]
  0x000000001ed44800 JavaThread "stderr" daemon [_thread_in_native, id=3196, stack(0x0000000028c40000,0x0000000028d40000)]
  0x000000001ed3d000 JavaThread "stdout" daemon [_thread_in_native, id=3140, stack(0x0000000028b40000,0x0000000028c40000)]
  0x000000001ed44000 JavaThread "stderr" daemon [_thread_in_native, id=2900, stack(0x0000000028a40000,0x0000000028b40000)]
  0x000000001ed42800 JavaThread "stdout" daemon [_thread_in_native, id=3276, stack(0x0000000028940000,0x0000000028a40000)]
  0x000000001ed3f800 JavaThread "stderr" daemon [_thread_in_native, id=10120, stack(0x0000000028840000,0x0000000028940000)]
  0x000000001ed41800 JavaThread "stdout" daemon [_thread_in_native, id=9368, stack(0x0000000028740000,0x0000000028840000)]
  0x000000001ed3e800 JavaThread "stderr" daemon [_thread_in_native, id=7324, stack(0x0000000028640000,0x0000000028740000)]
  0x000000001ed43000 JavaThread "stdout" daemon [_thread_in_native, id=5780, stack(0x0000000028540000,0x0000000028640000)]
  0x000000001ed41000 JavaThread "stderr" daemon [_thread_in_native, id=5232, stack(0x0000000028440000,0x0000000028540000)]
  0x000000001ed40000 JavaThread "stdout" daemon [_thread_in_native, id=3480, stack(0x0000000028340000,0x0000000028440000)]
  0x000000001ed35800 JavaThread "stderr" daemon [_thread_in_native, id=3508, stack(0x0000000028240000,0x0000000028340000)]
  0x000000001ed3c800 JavaThread "stdout" daemon [_thread_in_native, id=3384, stack(0x0000000028140000,0x0000000028240000)]
  0x000000001ed3b000 JavaThread "stderr" daemon [_thread_in_native, id=7756, stack(0x0000000028040000,0x0000000028140000)]
  0x000000001ed3a000 JavaThread "stdout" daemon [_thread_in_native, id=5384, stack(0x0000000027f40000,0x0000000028040000)]
  0x000000001ed39800 JavaThread "stderr" daemon [_thread_in_native, id=872, stack(0x0000000027e40000,0x0000000027f40000)]
  0x000000001ed36800 JavaThread "stdout" daemon [_thread_in_native, id=8156, stack(0x0000000027d40000,0x0000000027e40000)]
  0x000000001ed38000 JavaThread "stderr" daemon [_thread_in_native, id=4908, stack(0x0000000027c40000,0x0000000027d40000)]
  0x000000001ed38800 JavaThread "stdout" daemon [_thread_in_native, id=9052, stack(0x0000000027b40000,0x0000000027c40000)]
  0x000000001ed37000 JavaThread "stderr" daemon [_thread_in_native, id=4440, stack(0x0000000027a40000,0x0000000027b40000)]
  0x000000001ed3b800 JavaThread "stdout" daemon [_thread_in_native, id=5992, stack(0x0000000027940000,0x0000000027a40000)]
  0x000000001f08f000 JavaThread "stderr" daemon [_thread_in_native, id=9596, stack(0x0000000027840000,0x0000000027940000)]
  0x000000001ee4f800 JavaThread "stdout" daemon [_thread_in_native, id=7616, stack(0x0000000027740000,0x0000000027840000)]
  0x000000001ee4e800 JavaThread "stderr" daemon [_thread_in_native, id=252, stack(0x0000000027640000,0x0000000027740000)]
  0x000000001ee47000 JavaThread "stdout" daemon [_thread_in_native, id=8172, stack(0x0000000027540000,0x0000000027640000)]
  0x000000001ee4e000 JavaThread "stderr" daemon [_thread_in_native, id=9612, stack(0x0000000027440000,0x0000000027540000)]
  0x000000001ee4d000 JavaThread "stdout" daemon [_thread_in_native, id=4732, stack(0x0000000027340000,0x0000000027440000)]
  0x000000001ee4b000 JavaThread "stderr" daemon [_thread_in_native, id=6524, stack(0x0000000027240000,0x0000000027340000)]
  0x000000001ee4c800 JavaThread "stdout" daemon [_thread_in_native, id=3888, stack(0x0000000027140000,0x0000000027240000)]
  0x000000001ee4a000 JavaThread "stderr" daemon [_thread_in_native, id=4344, stack(0x0000000027040000,0x0000000027140000)]
  0x000000001ee4b800 JavaThread "stdout" daemon [_thread_in_native, id=5032, stack(0x0000000026f40000,0x0000000027040000)]
  0x000000001ee45000 JavaThread "stderr" daemon [_thread_in_native, id=8024, stack(0x0000000026e40000,0x0000000026f40000)]
  0x000000001ee49800 JavaThread "stdout" daemon [_thread_in_native, id=7552, stack(0x0000000026d40000,0x0000000026e40000)]
  0x000000001ee43800 JavaThread "stderr" daemon [_thread_in_native, id=112, stack(0x0000000026c40000,0x0000000026d40000)]
  0x000000001ee48800 JavaThread "stdout" daemon [_thread_in_native, id=4272, stack(0x0000000026a40000,0x0000000026b40000)]
  0x000000001ee41000 JavaThread "stderr" daemon [_thread_in_native, id=1448, stack(0x0000000026940000,0x0000000026a40000)]
  0x000000001ee44000 JavaThread "stdout" daemon [_thread_in_native, id=2388, stack(0x0000000026840000,0x0000000026940000)]
  0x000000001ee48000 JavaThread "stderr" daemon [_thread_in_native, id=7016, stack(0x0000000026740000,0x0000000026840000)]
  0x000000001ee42800 JavaThread "png-cruncher_20" daemon [_thread_blocked, id=1968, stack(0x0000000026640000,0x0000000026740000)]
  0x000000001ee42000 JavaThread "png-cruncher_19" daemon [_thread_blocked, id=1112, stack(0x0000000026540000,0x0000000026640000)]
  0x000000001ee40800 JavaThread "png-cruncher_18" daemon [_thread_blocked, id=9440, stack(0x0000000026440000,0x0000000026540000)]
  0x000000001ee46800 JavaThread "png-cruncher_17" daemon [_thread_blocked, id=1464, stack(0x0000000026340000,0x0000000026440000)]
  0x000000001f032800 JavaThread "png-cruncher_16" daemon [_thread_blocked, id=2248, stack(0x0000000026240000,0x0000000026340000)]
  0x000000001f031800 JavaThread "png-cruncher_15" daemon [_thread_blocked, id=1832, stack(0x0000000026140000,0x0000000026240000)]
  0x000000001f030000 JavaThread "png-cruncher_14" daemon [_thread_blocked, id=5708, stack(0x0000000026040000,0x0000000026140000)]
  0x000000001f031000 JavaThread "png-cruncher_13" daemon [_thread_blocked, id=4116, stack(0x0000000025f40000,0x0000000026040000)]
  0x000000001f034000 JavaThread "png-cruncher_12" daemon [_thread_blocked, id=3268, stack(0x0000000025e40000,0x0000000025f40000)]
  0x000000001f036000 JavaThread "png-cruncher_11" daemon [_thread_blocked, id=5016, stack(0x0000000025d40000,0x0000000025e40000)]
  0x000000001f035800 JavaThread "stdout" daemon [_thread_in_native, id=1472, stack(0x0000000025c40000,0x0000000025d40000)]
  0x000000001f033000 JavaThread "stderr" daemon [_thread_in_native, id=1436, stack(0x0000000025b40000,0x0000000025c40000)]
  0x000000001f034800 JavaThread "png-cruncher_10" daemon [_thread_blocked, id=548, stack(0x0000000025a40000,0x0000000025b40000)]
  0x000000001f028800 JavaThread "png-cruncher_9" daemon [_thread_blocked, id=324, stack(0x0000000025940000,0x0000000025a40000)]
  0x000000001f02f800 JavaThread "png-cruncher_8" daemon [_thread_blocked, id=4468, stack(0x0000000025840000,0x0000000025940000)]
  0x000000001f02e800 JavaThread "png-cruncher_7" daemon [_thread_blocked, id=9812, stack(0x0000000025740000,0x0000000025840000)]
  0x000000001f027000 JavaThread "png-cruncher_6" daemon [_thread_blocked, id=876, stack(0x0000000025640000,0x0000000025740000)]
  0x000000001f02b000 JavaThread "png-cruncher_5" daemon [_thread_blocked, id=8636, stack(0x0000000025540000,0x0000000025640000)]
  0x000000001f02a000 JavaThread "png-cruncher_4" daemon [_thread_blocked, id=9436, stack(0x0000000025440000,0x0000000025540000)]
  0x000000001f02d000 JavaThread "png-cruncher_3" daemon [_thread_blocked, id=692, stack(0x0000000025340000,0x0000000025440000)]
  0x000000001f028000 JavaThread "png-cruncher_2" daemon [_thread_blocked, id=8532, stack(0x0000000025240000,0x0000000025340000)]
  0x000000001f02c800 JavaThread "png-cruncher_1" daemon [_thread_blocked, id=7336, stack(0x0000000025140000,0x0000000025240000)]
  0x000000001d34f000 JavaThread "Daemon worker Thread 4" [_thread_blocked, id=2904, stack(0x0000000024640000,0x0000000024740000)]
  0x000000001d34b000 JavaThread "Daemon Thread 4" [_thread_blocked, id=3900, stack(0x0000000024340000,0x0000000024440000)]
  0x000000001f093000 JavaThread "pool-6-thread-1" [_thread_blocked, id=9920, stack(0x0000000023440000,0x0000000023540000)]
  0x000000001f095000 JavaThread "pool-2-thread-1" [_thread_blocked, id=2624, stack(0x000000001dd00000,0x000000001de00000)]
  0x0000000019ed7000 JavaThread "File lock request listener" [_thread_in_native, id=5704, stack(0x000000001b860000,0x000000001b960000)]
  0x0000000019ac9800 JavaThread "pool-1-thread-1" [_thread_blocked, id=4548, stack(0x000000001ab60000,0x000000001ac60000)]
  0x0000000019993800 JavaThread "Incoming local TCP Connector on port 50866" [_thread_in_native, id=8708, stack(0x00000000194c0000,0x00000000195c0000)]
  0x000000001851f800 JavaThread "Service Thread" daemon [_thread_blocked, id=4520, stack(0x0000000018ac0000,0x0000000018bc0000)]
  0x000000001851a000 JavaThread "C1 CompilerThread2" daemon [_thread_blocked, id=4616, stack(0x00000000189c0000,0x0000000018ac0000)]
  0x000000001850f800 JavaThread "C2 CompilerThread1" daemon [_thread_blocked, id=4612, stack(0x00000000188c0000,0x00000000189c0000)]
  0x0000000016e7e800 JavaThread "C2 CompilerThread0" daemon [_thread_blocked, id=7584, stack(0x00000000183c0000,0x00000000184c0000)]
  0x0000000016e7d800 JavaThread "Attach Listener" daemon [_thread_blocked, id=4560, stack(0x00000000182c0000,0x00000000183c0000)]
  0x0000000016ec9000 JavaThread "Signal Dispatcher" daemon [_thread_blocked, id=5000, stack(0x00000000181c0000,0x00000000182c0000)]
  0x0000000016e58000 JavaThread "Finalizer" daemon [_thread_blocked, id=1124, stack(0x00000000180c0000,0x00000000181c0000)]
  0x00000000034ef000 JavaThread "Reference Handler" daemon [_thread_blocked, id=5004, stack(0x0000000017fc0000,0x00000000180c0000)]
  0x0000000003400800 JavaThread "main" [_thread_blocked, id=5528, stack(0x0000000003300000,0x0000000003400000)]

Other Threads:
  0x0000000016e34000 VMThread [stack: 0x0000000017ec0000,0x0000000017fc0000] [id=7492]
  0x0000000018520800 WatcherThread [stack: 0x0000000018bc0000,0x0000000018cc0000] [id=5108]

=>0x0000000003416000 (exited) GCTaskThread [stack: 0x0000000012dd0000,0x0000000012ed0000] [id=3204]

VM state:at safepoint (normal execution)

VM Mutex/Monitor currently owned by a thread:  ([mutex/lock_event])
[0x00000000032fbfb0] Threads_lock - owner thread: 0x0000000016e34000
[0x00000000032fbeb0] Heap_lock - owner thread: 0x000000001eeaa800

Heap:
 PSYoungGen      total 320000K, used 39413K [0x00000000e0000000, 0x00000000f8800000, 0x0000000100000000)
  eden space 280576K, 0% used [0x00000000e0000000,0x00000000e0000000,0x00000000f1200000)
  from space 39424K, 99% used [0x00000000f4600000,0x00000000f6c7d658,0x00000000f6c80000)
  to   space 53248K, 0% used [0x00000000f1200000,0x00000000f1200000,0x00000000f4600000)
 ParOldGen       total 105472K, used 92372K [0x00000000a0000000, 0x00000000a6700000, 0x00000000e0000000)
  object space 105472K, 87% used [0x00000000a0000000,0x00000000a5a351e0,0x00000000a6700000)
 Metaspace       used 73707K, capacity 76564K, committed 77232K, reserved 1116160K
  class space    used 9228K, capacity 9694K, committed 9904K, reserved 1048576K

Card table byte_map: [0x00000000128c0000,0x0000000012bd0000] byte_map_base: 0x00000000123c0000

Marking Bits: (ParMarkBitMap*) 0x0000000050949d00
 Begin Bits: [0x00000000131d0000, 0x00000000149d0000)
 End Bits:   [0x00000000149d0000, 0x00000000161d0000)

Polling page: 0x0000000001230000

CodeCache: size=245760Kb used=55029Kb max_used=55409Kb free=190730Kb
 bounds [0x0000000003500000, 0x0000000006bb0000, 0x0000000012500000]
 total_blobs=16148 nmethods=15393 adapters=666
 compilation: enabled

Compilation events (10 events):
Event: 2332.266 Thread 0x000000001851a000 19690       3       com.android.dx.ssa.back.FirstFitLocalCombiningAllocator::handleCheckCastResults (413 bytes)
Event: 2332.272 Thread 0x000000001851a000 nmethod 19690 0x0000000005003750 code [0x0000000005003ce0, 0x0000000005007e58]
Event: 2332.274 Thread 0x000000001851a000 19691 %     3       com.android.dx.ssa.back.FirstFitLocalCombiningAllocator::processPhiInsn @ 88 (255 bytes)
Event: 2332.277 Thread 0x000000001851a000 nmethod 19691% 0x000000000621c1d0 code [0x000000000621c580, 0x000000000621e8b8]
Event: 2332.279 Thread 0x000000001851a000 19692       2       com.android.dx.cf.code.BytecodeArray::parseNewarray (594 bytes)
Event: 2332.282 Thread 0x000000001851a000 nmethod 19692 0x0000000003fa1450 code [0x0000000003fa16e0, 0x0000000003fa25a8]
Event: 2332.335 Thread 0x000000001850f800 nmethod 19558 0x0000000004fff350 code [0x0000000004fff640, 0x0000000005000f98]
Event: 2332.338 Thread 0x000000001850f800 19693   !   4       java.util.concurrent.ConcurrentHashMap::putVal (362 bytes)
Event: 2332.338 Thread 0x000000001851a000 19694       2       java.nio.file.attribute.FileTime::toMillis (98 bytes)
Event: 2332.339 Thread 0x000000001851a000 nmethod 19694 0x00000000053270d0 code [0x0000000005327240, 0x0000000005327528]

GC Heap History (10 events):
Event: 2324.450 GC heap after
Heap after GC invocations=38 (full 6):
 PSYoungGen      total 228352K, used 12363K [0x00000000e0000000, 0x00000000f1800000, 0x0000000100000000)
  eden space 201216K, 0% used [0x00000000e0000000,0x00000000e0000000,0x00000000ec480000)
  from space 27136K, 45% used [0x00000000ede00000,0x00000000eea12c50,0x00000000ef880000)
  to   space 26112K, 0% used [0x00000000ec480000,0x00000000ec480000,0x00000000ede00000)
 ParOldGen       total 105472K, used 53252K [0x00000000a0000000, 0x00000000a6700000, 0x00000000e0000000)
  object space 105472K, 50% used [0x00000000a0000000,0x00000000a34011f0,0x00000000a6700000)
 Metaspace       used 71235K, capacity 74044K, committed 74928K, reserved 1114112K
  class space    used 8918K, capacity 9394K, committed 9648K, reserved 1048576K
}
Event: 2326.368 GC heap before
{Heap before GC invocations=39 (full 6):
 PSYoungGen      total 228352K, used 213579K [0x00000000e0000000, 0x00000000f1800000, 0x0000000100000000)
  eden space 201216K, 100% used [0x00000000e0000000,0x00000000ec480000,0x00000000ec480000)
  from space 27136K, 45% used [0x00000000ede00000,0x00000000eea12c50,0x00000000ef880000)
  to   space 26112K, 0% used [0x00000000ec480000,0x00000000ec480000,0x00000000ede00000)
 ParOldGen       total 105472K, used 53252K [0x00000000a0000000, 0x00000000a6700000, 0x00000000e0000000)
  object space 105472K, 50% used [0x00000000a0000000,0x00000000a34011f0,0x00000000a6700000)
 Metaspace       used 72243K, capacity 75178K, committed 76080K, reserved 1116160K
  class space    used 9035K, capacity 9533K, committed 9776K, reserved 1048576K
Event: 2326.413 GC heap after
Heap after GC invocations=39 (full 6):
 PSYoungGen      total 227328K, used 15106K [0x00000000e0000000, 0x00000000f2400000, 0x0000000100000000)
  eden space 201216K, 0% used [0x00000000e0000000,0x00000000e0000000,0x00000000ec480000)
  from space 26112K, 57% used [0x00000000ec480000,0x00000000ed340a38,0x00000000ede00000)
  to   space 25600K, 0% used [0x00000000f0b00000,0x00000000f0b00000,0x00000000f2400000)
 ParOldGen       total 105472K, used 53260K [0x00000000a0000000, 0x00000000a6700000, 0x00000000e0000000)
  object space 105472K, 50% used [0x00000000a0000000,0x00000000a34031f0,0x00000000a6700000)
 Metaspace       used 72243K, capacity 75178K, committed 76080K, reserved 1116160K
  class space    used 9035K, capacity 9533K, committed 9776K, reserved 1048576K
}
Event: 2329.311 GC heap before
{Heap before GC invocations=40 (full 6):
 PSYoungGen      total 227328K, used 216322K [0x00000000e0000000, 0x00000000f2400000, 0x0000000100000000)
  eden space 201216K, 100% used [0x00000000e0000000,0x00000000ec480000,0x00000000ec480000)
  from space 26112K, 57% used [0x00000000ec480000,0x00000000ed340a38,0x00000000ede00000)
  to   space 25600K, 0% used [0x00000000f0b00000,0x00000000f0b00000,0x00000000f2400000)
 ParOldGen       total 105472K, used 53260K [0x00000000a0000000, 0x00000000a6700000, 0x00000000e0000000)
  object space 105472K, 50% used [0x00000000a0000000,0x00000000a34031f0,0x00000000a6700000)
 Metaspace       used 73446K, capacity 76308K, committed 76976K, reserved 1116160K
  class space    used 9223K, capacity 9694K, committed 9904K, reserved 1048576K
Event: 2329.377 GC heap after
Heap after GC invocations=40 (full 6):
 PSYoungGen      total 267776K, used 25596K [0x00000000e0000000, 0x00000000f2c80000, 0x0000000100000000)
  eden space 242176K, 0% used [0x00000000e0000000,0x00000000e0000000,0x00000000eec80000)
  from space 25600K, 99% used [0x00000000f0b00000,0x00000000f23ff228,0x00000000f2400000)
  to   space 31232K, 0% used [0x00000000eec80000,0x00000000eec80000,0x00000000f0b00000)
 ParOldGen       total 105472K, used 59999K [0x00000000a0000000, 0x00000000a6700000, 0x00000000e0000000)
  object space 105472K, 56% used [0x00000000a0000000,0x00000000a3a97cb8,0x00000000a6700000)
 Metaspace       used 73446K, capacity 76308K, committed 76976K, reserved 1116160K
  class space    used 9223K, capacity 9694K, committed 9904K, reserved 1048576K
}
Event: 2330.986 GC heap before
{Heap before GC invocations=41 (full 6):
 PSYoungGen      total 267776K, used 267772K [0x00000000e0000000, 0x00000000f2c80000, 0x0000000100000000)
  eden space 242176K, 100% used [0x00000000e0000000,0x00000000eec80000,0x00000000eec80000)
  from space 25600K, 99% used [0x00000000f0b00000,0x00000000f23ff228,0x00000000f2400000)
  to   space 31232K, 0% used [0x00000000eec80000,0x00000000eec80000,0x00000000f0b00000)
 ParOldGen       total 105472K, used 59999K [0x00000000a0000000, 0x00000000a6700000, 0x00000000e0000000)
  object space 105472K, 56% used [0x00000000a0000000,0x00000000a3a97cb8,0x00000000a6700000)
 Metaspace       used 73632K, capacity 76436K, committed 77232K, reserved 1116160K
  class space    used 9228K, capacity 9694K, committed 9904K, reserved 1048576K
Event: 2331.096 GC heap after
Heap after GC invocations=41 (full 6):
 PSYoungGen      total 273408K, used 31226K [0x00000000e0000000, 0x00000000f6c80000, 0x0000000100000000)
  eden space 242176K, 0% used [0x00000000e0000000,0x00000000e0000000,0x00000000eec80000)
  from space 31232K, 99% used [0x00000000eec80000,0x00000000f0afebe0,0x00000000f0b00000)
  to   space 39424K, 0% used [0x00000000f4600000,0x00000000f4600000,0x00000000f6c80000)
 ParOldGen       total 105472K, used 71038K [0x00000000a0000000, 0x00000000a6700000, 0x00000000e0000000)
  object space 105472K, 67% used [0x00000000a0000000,0x00000000a455faa8,0x00000000a6700000)
 Metaspace       used 73632K, capacity 76436K, committed 77232K, reserved 1116160K
  class space    used 9228K, capacity 9694K, committed 9904K, reserved 1048576K
}
Event: 2332.345 GC heap before
{Heap before GC invocations=42 (full 6):
 PSYoungGen      total 273408K, used 273402K [0x00000000e0000000, 0x00000000f6c80000, 0x0000000100000000)
  eden space 242176K, 100% used [0x00000000e0000000,0x00000000eec80000,0x00000000eec80000)
  from space 31232K, 99% used [0x00000000eec80000,0x00000000f0afebe0,0x00000000f0b00000)
  to   space 39424K, 0% used [0x00000000f4600000,0x00000000f4600000,0x00000000f6c80000)
 ParOldGen       total 105472K, used 71038K [0x00000000a0000000, 0x00000000a6700000, 0x00000000e0000000)
  object space 105472K, 67% used [0x00000000a0000000,0x00000000a455faa8,0x00000000a6700000)
 Metaspace       used 73707K, capacity 76564K, committed 77232K, reserved 1116160K
  class space    used 9228K, capacity 9694K, committed 9904K, reserved 1048576K
Event: 2332.457 GC heap after
Heap after GC invocations=42 (full 6):
 PSYoungGen      total 320000K, used 39413K [0x00000000e0000000, 0x00000000f8800000, 0x0000000100000000)
  eden space 280576K, 0% used [0x00000000e0000000,0x00000000e0000000,0x00000000f1200000)
  from space 39424K, 99% used [0x00000000f4600000,0x00000000f6c7d658,0x00000000f6c80000)
  to   space 53248K, 0% used [0x00000000f1200000,0x00000000f1200000,0x00000000f4600000)
 ParOldGen       total 105472K, used 92372K [0x00000000a0000000, 0x00000000a6700000, 0x00000000e0000000)
  object space 105472K, 87% used [0x00000000a0000000,0x00000000a5a351e0,0x00000000a6700000)
 Metaspace       used 73707K, capacity 76564K, committed 77232K, reserved 1116160K
  class space    used 9228K, capacity 9694K, committed 9904K, reserved 1048576K
}
Event: 2332.457 GC heap before
{Heap before GC invocations=43 (full 7):
 PSYoungGen      total 320000K, used 39413K [0x00000000e0000000, 0x00000000f8800000, 0x0000000100000000)
  eden space 280576K, 0% used [0x00000000e0000000,0x00000000e0000000,0x00000000f1200000)
  from space 39424K, 99% used [0x00000000f4600000,0x00000000f6c7d658,0x00000000f6c80000)
  to   space 53248K, 0% used [0x00000000f1200000,0x00000000f1200000,0x00000000f4600000)
 ParOldGen       total 105472K, used 92372K [0x00000000a0000000, 0x00000000a6700000, 0x00000000e0000000)
  object space 105472K, 87% used [0x00000000a0000000,0x00000000a5a351e0,0x00000000a6700000)
 Metaspace       used 73707K, capacity 76564K, committed 77232K, reserved 1116160K
  class space    used 9228K, capacity 9694K, committed 9904K, reserved 1048576K

Deoptimization events (10 events):
Event: 2330.647 Thread 0x000000001eeaa800 Uncommon trap: reason=class_check action=maybe_recompile pc=0x000000000516419c method=java.nio.file.attribute.FileTime.toMillis()J @ 15
Event: 2330.647 Thread 0x000000001eeaa800 Uncommon trap: reason=class_check action=maybe_recompile pc=0x000000000516419c method=java.nio.file.attribute.FileTime.toMillis()J @ 15
Event: 2330.648 Thread 0x000000001eeaa800 Uncommon trap: reason=class_check action=maybe_recompile pc=0x000000000516419c method=java.nio.file.attribute.FileTime.toMillis()J @ 15
Event: 2330.733 Thread 0x000000001f924000 Uncommon trap: reason=unstable_if action=reinterpret pc=0x0000000005682a6c method=com.android.dx.ssa.SsaMethod.onInsnRemoved(Lcom/android/dx/ssa/SsaInsn;)V @ 29
Event: 2330.792 Thread 0x000000001f927000 Uncommon trap: reason=bimorphic action=maybe_recompile pc=0x0000000006873278 method=com.android.dx.cf.code.BytecodeArray.parseInstruction(ILcom/android/dx/cf/code/BytecodeArray$Visitor;)I @ 2281
Event: 2330.792 Thread 0x000000001f927000 Uncommon trap: reason=bimorphic action=maybe_recompile pc=0x0000000006873278 method=com.android.dx.cf.code.BytecodeArray.parseInstruction(ILcom/android/dx/cf/code/BytecodeArray$Visitor;)I @ 2281
Event: 2331.478 Thread 0x000000001f930000 Uncommon trap: reason=unstable_if action=reinterpret pc=0x0000000006942800 method=com.android.dx.cf.code.Ropper.processBlock(Lcom/android/dx/cf/code/ByteBlock;Lcom/android/dx/cf/code/Frame;[I)V @ 429
Event: 2331.906 Thread 0x000000001f932800 Uncommon trap: reason=bimorphic action=maybe_recompile pc=0x0000000006b7f500 method=com.android.dx.cf.code.BytecodeArray.parseInstruction(ILcom/android/dx/cf/code/BytecodeArray$Visitor;)I @ 1161
Event: 2331.906 Thread 0x000000001f932800 Uncommon trap: reason=bimorphic action=maybe_recompile pc=0x0000000006b7f500 method=com.android.dx.cf.code.BytecodeArray.parseInstruction(ILcom/android/dx/cf/code/BytecodeArray$Visitor;)I @ 1161
Event: 2332.075 Thread 0x000000001f92b800 Uncommon trap: reason=unstable_if action=reinterpret pc=0x00000000062a6c54 method=java.util.concurrent.ConcurrentHashMap.sumCount()J @ 30

Internal exceptions (10 events):
Event: 2312.334 Thread 0x000000001f029800 Exception <a 'sun/nio/fs/WindowsException'> (0x00000000e1993898) thrown at [C:\src\android\AOSP-openjdk\external\jetbrains\jdk\hotspot\src\share\vm\prims\jni.cpp, line 709]
Event: 2323.920 Thread 0x000000001d34f000 Implicit null exception at 0x00000000045a3a5b to 0x00000000045a43f9
Event: 2323.922 Thread 0x000000001d34f000 Implicit null exception at 0x0000000004b132a9 to 0x0000000004b138a5
Event: 2323.923 Thread 0x000000001d34f000 Implicit null exception at 0x0000000004ffcf7d to 0x0000000004ffd3c9
Event: 2324.489 Thread 0x000000001d34f000 Exception <a 'java/io/FileNotFoundException'> (0x00000000e04a0fb0) thrown at [C:\src\android\AOSP-openjdk\external\jetbrains\jdk\hotspot\src\share\vm\prims\jni.cpp, line 709]
Event: 2324.542 Thread 0x000000001d34f000 Implicit null exception at 0x0000000005eb3880 to 0x0000000005eb6d21
Event: 2324.542 Thread 0x000000001d34f000 Implicit null exception at 0x0000000004463f04 to 0x00000000044641a1
Event: 2328.547 Thread 0x000000001f093000 Implicit null exception at 0x0000000005515aa2 to 0x0000000005515b92
Event: 2330.732 Thread 0x000000001f924000 Implicit null exception at 0x0000000005681360 to 0x0000000005682a25
Event: 2332.075 Thread 0x000000001f92b800 Implicit null exception at 0x00000000062a60bc to 0x00000000062a6c31

Events (10 events):
Event: 2332.210 Thread 0x000000001f928800 Thread exited: 0x000000001f928800
Event: 2332.214 Thread 0x000000001f92b800 Thread added: 0x000000001f92b800
Event: 2332.231 Thread 0x000000001f92a000 DEOPT PACKING pc=0x0000000006b02856 sp=0x000000002d53eb00
Event: 2332.231 Thread 0x000000001f92a000 DEOPT UNPACKING pc=0x00000000035475bf sp=0x000000002d53e8c0 mode 0
Event: 2332.234 Thread 0x000000001f92a000 DEOPT PACKING pc=0x00000000055a61ba sp=0x000000002d53ebe0
Event: 2332.234 Thread 0x000000001f92a000 DEOPT UNPACKING pc=0x00000000035475bf sp=0x000000002d53e940 mode 0
Event: 2332.284 Thread 0x000000001851a000 flushing nmethod 0x0000000005519cd0
Event: 2332.284 Thread 0x000000001851a000 flushing nmethod 0x0000000005640d90
Event: 2332.284 Thread 0x000000001851a000 flushing nmethod 0x000000000569a550
Event: 2332.343 Executing VM operation: ParallelGCFailedAllocation


Dynamic libraries:
0x00007ff6c6970000 - 0x00007ff6c69a1000 	E:\Android\AndroidStudio\jre\bin\java.exe
0x00007ffee2a80000 - 0x00007ffee2c51000 	C:\WINDOWS\SYSTEM32\ntdll.dll
0x00007ffee21a0000 - 0x00007ffee224b000 	C:\WINDOWS\System32\KERNEL32.DLL
0x00007ffedfcf0000 - 0x00007ffedff0d000 	C:\WINDOWS\System32\KERNELBASE.dll
0x00007ffee20f0000 - 0x00007ffee2192000 	C:\WINDOWS\System32\ADVAPI32.dll
0x00007ffee1e30000 - 0x00007ffee1ece000 	C:\WINDOWS\System32\msvcrt.dll
0x00007ffee1c40000 - 0x00007ffee1c99000 	C:\WINDOWS\System32\sechost.dll
0x00007ffee1ca0000 - 0x00007ffee1dc1000 	C:\WINDOWS\System32\RPCRT4.dll
0x00007ffee23f0000 - 0x00007ffee2555000 	C:\WINDOWS\System32\USER32.dll
0x00007ffedf1a0000 - 0x00007ffedf1be000 	C:\WINDOWS\System32\win32u.dll
0x00007ffee28a0000 - 0x00007ffee28d4000 	C:\WINDOWS\System32\GDI32.dll
0x00007ffedf010000 - 0x00007ffedf192000 	C:\WINDOWS\System32\gdi32full.dll
0x00007ffed7110000 - 0x00007ffed738a000 	C:\WINDOWS\WinSxS\amd64_microsoft.windows.common-controls_6595b64144ccf1df_6.0.14393.953_none_42151e83c686086b\COMCTL32.dll
0x00007ffee2560000 - 0x00007ffee2828000 	C:\WINDOWS\System32\combase.dll
0x00007ffedf4b0000 - 0x00007ffedf5a5000 	C:\WINDOWS\System32\ucrtbase.dll
0x00007ffedf440000 - 0x00007ffedf4aa000 	C:\WINDOWS\System32\bcryptPrimitives.dll
0x00007ffee1c10000 - 0x00007ffee1c3e000 	C:\WINDOWS\System32\IMM32.DLL
0x00000000500b0000 - 0x0000000050182000 	E:\Android\AndroidStudio\jre\jre\bin\msvcr100.dll
0x0000000050190000 - 0x00000000509c4000 	E:\Android\AndroidStudio\jre\jre\bin\server\jvm.dll
0x00007ffee01e0000 - 0x00007ffee01e8000 	C:\WINDOWS\System32\PSAPI.DLL
0x00007ffecc860000 - 0x00007ffecc869000 	C:\WINDOWS\SYSTEM32\WSOCK32.dll
0x00007ffedc870000 - 0x00007ffedc893000 	C:\WINDOWS\SYSTEM32\WINMM.dll
0x00007ffedd420000 - 0x00007ffedd42a000 	C:\WINDOWS\SYSTEM32\VERSION.dll
0x00007ffedc840000 - 0x00007ffedc86b000 	C:\WINDOWS\SYSTEM32\WINMMBASE.dll
0x00007ffedffc0000 - 0x00007ffee0002000 	C:\WINDOWS\System32\cfgmgr32.dll
0x00007ffee2830000 - 0x00007ffee289a000 	C:\WINDOWS\System32\WS2_32.dll
0x00007ffed6150000 - 0x00007ffed615f000 	E:\Android\AndroidStudio\jre\jre\bin\verify.dll
0x00007ffed26e0000 - 0x00007ffed2709000 	E:\Android\AndroidStudio\jre\jre\bin\java.dll
0x00007ffed26c0000 - 0x00007ffed26d6000 	E:\Android\AndroidStudio\jre\jre\bin\zip.dll
0x00007ffee06d0000 - 0x00007ffee1bd8000 	C:\WINDOWS\System32\SHELL32.dll
0x00007ffedf5b0000 - 0x00007ffedfc8a000 	C:\WINDOWS\System32\windows.storage.dll
0x00007ffedef00000 - 0x00007ffedef4c000 	C:\WINDOWS\System32\powrprof.dll
0x00007ffee1f90000 - 0x00007ffee1fe2000 	C:\WINDOWS\System32\shlwapi.dll
0x00007ffedef60000 - 0x00007ffedef6f000 	C:\WINDOWS\System32\kernel.appcore.dll
0x00007ffedff10000 - 0x00007ffedffb9000 	C:\WINDOWS\System32\shcore.dll
0x00007ffedeee0000 - 0x00007ffedeef4000 	C:\WINDOWS\System32\profapi.dll
0x00007ffed21b0000 - 0x00007ffed21ca000 	E:\Android\AndroidStudio\jre\jre\bin\net.dll
0x00007ffede510000 - 0x00007ffede56c000 	C:\WINDOWS\system32\mswsock.dll
0x00007ffed2160000 - 0x00007ffed2171000 	E:\Android\AndroidStudio\jre\jre\bin\nio.dll
0x00007ffeda5f0000 - 0x00007ffeda602000 	C:\Users\smart\.gradle\native\19\windows-amd64\native-platform.dll
0x00007ffede9a0000 - 0x00007ffede9b7000 	C:\WINDOWS\SYSTEM32\CRYPTSP.dll
0x00007ffede110000 - 0x00007ffede143000 	C:\WINDOWS\system32\rsaenh.dll
0x00007ffede970000 - 0x00007ffede99b000 	C:\WINDOWS\SYSTEM32\bcrypt.dll
0x00007ffede390000 - 0x00007ffede3af000 	C:\WINDOWS\SYSTEM32\USERENV.dll
0x00007ffede6b0000 - 0x00007ffede6bb000 	C:\WINDOWS\SYSTEM32\CRYPTBASE.dll
0x00007ffede290000 - 0x00007ffede2c8000 	C:\WINDOWS\SYSTEM32\IPHLPAPI.DLL
0x00007ffee01f0000 - 0x00007ffee01f8000 	C:\WINDOWS\System32\NSI.dll
0x00007ffed9300000 - 0x00007ffed9316000 	C:\WINDOWS\SYSTEM32\dhcpcsvc6.DLL
0x00007ffed9140000 - 0x00007ffed915a000 	C:\WINDOWS\SYSTEM32\dhcpcsvc.DLL
0x00007ffecf1c0000 - 0x00007ffecf1cd000 	E:\Android\AndroidStudio\jre\jre\bin\management.dll
0x00007ffeddfe0000 - 0x00007ffede012000 	C:\WINDOWS\SYSTEM32\ntmarta.dll
0x00007ffede9c0000 - 0x00007ffedeb52000 	C:\WINDOWS\SYSTEM32\dbghelp.dll

VM Arguments:
jvm_args: -Xmx1536m -Dfile.encoding=GBK -Duser.country=CN -Duser.language=zh -Duser.variant 
java_command: org.gradle.launcher.daemon.bootstrap.GradleDaemon 2.14.1
java_class_path (initial): E:\Android\AndroidStudio\gradle\gradle-2.14.1\lib\gradle-launcher-2.14.1.jar
Launcher Type: SUN_STANDARD

Environment Variables:
JAVA_HOME=E:\JDK
CLASSPATH=.;E:\JDK\lib
PATH=C:\ProgramData\Oracle\Java\javapath;C:\WINDOWS\system32;C:\WINDOWS;C:\WINDOWS\System32\Wbem;C:\WINDOWS\System32\WindowsPowerShell\v1.0\;E:\JDK\bin;E:\JDK\jre\bin;C:\Program Files (x86)\Windows Kits\10\Windows Performance Toolkit\;C:\Users\smart\AppData\Local\Microsoft\WindowsApps;
USERNAME=smart
OS=Windows_NT
PROCESSOR_IDENTIFIER=Intel64 Family 6 Model 42 Stepping 7, GenuineIntel



---------------  S Y S T E M  ---------------

OS: Windows 10.0 , 64 bit Build 14393 (10.0.14393.0)

CPU:total 4 (2 cores per cpu, 2 threads per core) family 6 model 42 stepping 7, cmov, cx8, fxsr, mmx, sse, sse2, sse3, ssse3, sse4.1, sse4.2, popcnt, avx, clmul, ht, tsc, tscinvbit

Memory: 4k page, physical 8292400k(2572060k free), swap 13797424k(6900548k free)

vm_info: OpenJDK 64-Bit Server VM (25.76-b03) for windows-amd64 JRE (1.8.0_76-release-b03), built on Jun 29 2016 19:09:20 by "ralucas" with MS VC++ 10.0 (VS2010)

time: Wed Apr 19 13:16:06 2017
elapsed time: 2332 seconds (0d 0h 38m 52s)

